e:\glut\freeglut\debug\freeglut.ilk
e:\glut\freeglut\debug\freeglut.exe
e:\glut\freeglut\debug\freeglut.pdb
e:\glut\freeglut\freeglut\debug\vc120.pdb
e:\glut\freeglut\freeglut\debug\vc120.idb
e:\glut\freeglut\freeglut\debug\cube.obj
e:\glut\freeglut\freeglut\debug\glutcallbacks.obj
e:\glut\freeglut\freeglut\debug\main.obj
e:\glut\freeglut\freeglut\debug\meshloader.obj
e:\glut\freeglut\freeglut\debug\freeglut.obj
e:\glut\freeglut\freeglut\debug\pyramid.obj
e:\glut\freeglut\freeglut\debug\sceneobject.obj
e:\glut\freeglut\freeglut\debug\texture2d.obj
f:\glut\freeglut\freeglut\debug\vc120.pdb
f:\glut\freeglut\freeglut\debug\vc120.idb
f:\glut\freeglut\freeglut\debug\meshloader.obj
f:\glut\freeglut\freeglut\debug\sceneobject.obj
f:\glut\freeglut\debug\freeglut.pdb
f:\glut\freeglut\debug\freeglut.exe
f:\glut\freeglut\debug\freeglut.ilk
f:\glut\freeglut\freeglut\debug\freeglut.tlog\cl.command.1.tlog
f:\glut\freeglut\freeglut\debug\freeglut.tlog\link.command.1.tlog
f:\glut\freeglut\freeglut\debug\freeglut.tlog\cl.read.1.tlog
f:\glut\freeglut\freeglut\debug\freeglut.tlog\link.read.1.tlog
f:\glut\freeglut\freeglut\debug\freeglut.tlog\link.write.1.tlog
f:\glut\freeglut\freeglut\debug\freeglut.tlog\cl.write.1.tlog
